Arguments: 
  D:\Program Files\nodejs\node.exe C:\Yarn\bin\yarn.js publish

PATH: 
  D:\Python27\;D:\Python27\Scripts;C:\windows\system32;C:\windows;C:\windows\System32\Wbem;C:\windows\System32\WindowsPowerShell\v1.0\;G:\Program Files (x86)\Microsoft SQL Server (x86)\90\Tools\binn\;C:\Program Files (x86)\Microsoft SQL Server\90\Tools\binn\;D:\SlikSvn\bin;D:\TortoiseSVN\bin;C:\Yarn\bin;d:\Git\cmd;D:\Program Files\nodejs\;C:\Program Files\dotnet\;C:\Program Files\TortoiseGit\bin;D:\Microsoft VS Code\bin;d:\AppServ\Apache24\bin;d:\AppServ\php5;d:\AppServ\MySQL\bin;C:\Users\Administrator\AppData\Local\Yarn\bin;C:\Users\Administrator\AppData\Roaming\npm

Yarn version: 
  1.3.2

Node version: 
  8.11.1

Platform: 
  win32 x64

npm manifest: 
  {
    "name": "@jte/jte-pms-info-feedback-old-components",
    "version": "1.1.6",
    "description": "",
    "main": "index.js",
    "private": false,
    "scripts": {
      "ng": "ng",
      "start": "yarn  publish",
      "lint": "ng lint",
      "e2e": "ng e2e",
      "tsc": "tsc"
    },
    "author": "",
    "license": "MIT",
    "peerDependencies": {},
    "dependencies": {
      "html2canvas": "^1.0.0-alpha.12",
      "ng-zorro-antd": "^0.6.14"
    },
    "devDependencies": {
      "@angular/animations": "^5.2.0",
      "@angular/cli": "1.7.2",
      "@angular/common": "^5.2.0",
      "@angular/compiler": "^5.2.0",
      "@angular/compiler-cli": "^5.2.0",
      "@angular/core": "^5.2.0",
      "@angular/forms": "^5.2.0",
      "@angular/http": "^5.2.0",
      "@angular/platform-browser": "^5.2.0",
      "@angular/platform-browser-dynamic": "^5.2.0",
      "@angular/router": "^5.2.0",
      "@stomp/ng2-stompjs": "^0.6.2",
      "@types/jasmine": "2.8.8",
      "@types/jasminewd2": "~2.0.2",
      "@types/lodash": "^4.14.84",
      "@types/node": "~6.0.60",
      "angularx-qrcode": "1.1.7",
      "big.js": "^5.0.3",
      "codelyzer": "^4.0.1",
      "core-js": "^2.4.1",
      "echarts": "^3.8.5",
      "jasmine-core": "~2.8.0",
      "jasmine-spec-reporter": "~4.2.1",
      "karma": "~2.0.0",
      "karma-chrome-launcher": "~2.2.0",
      "karma-coverage-istanbul-reporter": "^1.2.1",
      "karma-jasmine": "~1.1.0",
      "karma-jasmine-html-reporter": "^0.2.2",
      "localforage": "^1.7.2",
      "lodash": "^4.17.4",
      "ng-packagr": "3.0.6",
      "ngx-echarts": "^2.0.1",
      "protractor": "~5.1.2",
      "qrcode": "^1.3.2",
      "rxjs": "^5.5.6",
      "sockjs-client": "^1.1.4",
      "ts-node": "~4.1.0",
      "tslint": "~5.9.1",
      "typescript": "2.6.2",
      "zone.js": "^0.8.19"
    }
  }

yarn manifest: 
  No manifest

Lockfile: 
  No lockfile

Trace: 
  Error: http://123.207.53.34:4873/@jte%2fjte-pms-info-feedback-old-components: this package is already present
      at Request.params.callback [as _callback] (C:\Yarn\lib\cli.js:62098:18)
      at Request.self.callback (C:\Yarn\lib\cli.js:123085:22)
      at emitTwo (events.js:126:13)
      at Request.emit (events.js:214:7)
      at Request.<anonymous> (C:\Yarn\lib\cli.js:124068:10)
      at emitOne (events.js:116:13)
      at Request.emit (events.js:211:7)
      at IncomingMessage.<anonymous> (C:\Yarn\lib\cli.js:123988:12)
      at Object.onceWrapper (events.js:313:30)
      at emitNone (events.js:111:20)
